##
Reading in cross, assembly and marker info
##
[1] "Fri Jan 22 13:28:50 2021"
[1] 1
[1] 2
[1] 3
[1] 4
[1] 5
[1] 6
[1] 7
[1] 8
[1] 9
[1] 10
[1] 11
[1] 12
[1] 13
[1] 14
[1] 15
[1] 16
[1] 17
[1] 18
[1] 19
[1] 20
[1] 21
[1] 22
[1] 23
[1] 24
[1] 25
[1] 26
[1] 27
[1] 28
[1] 29
[1] 30
[1] 31
[1] 32
[1] 33
[1] 34
[1] 35
[1] 36
[1] 37
[1] 38
[1] 39
[1] 40
[1] 41
[1] 42
[1] 43
[1] 44
[1] 45
[1] 46
 --Read the following data:
	 101  individuals
	 7345  markers
	 2  phenotypes
 --Cross type: riself 
dropping 4 terminal markers
##
Dedupe and filtering
##
collapse 6829 dupes to 478 tags (spanning 91.40 Mb), 99.41 covered by all 42 marker scaffolds
dropping 4 lines due to high similarity (>0.950)
    RI strains via selfing

    No. individuals:    97 

    No. phenotypes:     2 
    Percent phenotyped: 100 100 

    No. chromosomes:    35 
        Autosomes:      Ctg003 Ctg004 Ctg005 Ctg006 Ctg007 Ctg008 Ctg009 Ctg011 
                        Ctg012 Ctg013 Ctg014 Ctg015 Ctg016 Ctg017 Ctg018 Ctg019 
                        Ctg020 Ctg021 Ctg022 Ctg023 Ctg024 Ctg025 Ctg026 Ctg027 
                        Ctg029 Ctg030 Ctg031 Ctg032 Ctg033 Ctg034 Ctg035 Ctg036 
                        Ctg037 Ctg038 Ctg039 

    Total markers:      512 
    No. markers:        37 39 15 21 1 25 11 37 23 13 18 11 31 11 19 27 28 13 26 
                        13 18 2 17 15 1 12 8 1 1 7 3 1 4 2 1 
    Percent genotyped:  99.9 
    Genotypes (%):      AA:43.3  BB:56.7 
##
Form linkage groups
##
No apparent problems.
   lod  n     sixes minlg maxdross
1   13  6 1.0000000    74       NA
2   14  6 1.0000000    74       NA
3   15  6 1.0000000    74       NA
4   16  6 1.0000000    74       NA
5   17  6 1.0000000    74       NA
6   18  6 1.0000000    74       NA
7   19  6 1.0000000    74       NA
8   20  7 0.9980469    74        1
9   21  8 0.9941406    74        2
10  22 15 0.8144531    56       23

using minimum LOD 13
512 markers in 6 non-singleton LGs
##
Saving filtered cross data
##
[1] "ML error rate ... "
[1] 0.001002862
XOs (median 8)
   Min. 1st Qu.  Median    Mean 3rd Qu.    Max. 
  2.000   6.000   8.000   8.959  10.000  44.000 
XOs > 99% MAD
B1_10 
   44 
        n.mar length ave.spacing max.spacing
1          97   66.4         0.7         2.4
2          94   74.8         0.8         3.9
3          86   62.4         0.7         2.7
4          81   66.5         0.8         7.3
5          80   76.4         1.0         5.8
6          74   80.8         1.1         5.1
overall   512  427.2         0.8         7.3
##
Iterating within LG marker ordering
##
   Min. 1st Qu.  Median    Mean 3rd Qu.    Max. 
  0.440   1.053   1.453   1.543   1.790   6.790 
improvement in LL after 50 iterations (1 XO quantile, 97 lines):
[1]    0.00000  -81.48461    0.00000  -94.65414 -111.68404 -196.86979
  n.mar length ave.spacing max.spacing
1    97   66.4         0.7         2.4
2    94   74.8         0.8         3.9
3    86   62.4         0.7         2.7
4    81   66.5         0.8         7.3
5    80   76.4         1.0         5.8
6    74   80.8         1.1         5.1
  n.mar length ave.spacing max.spacing
1    97   66.4         0.7         2.4
2    94   56.7         0.6         2.2
3    86   62.4         0.7         2.7
4    81   46.9         0.6         6.3
5    80   52.5         0.7         2.5
6    74   46.5         0.6         2.2
   Min. 1st Qu.  Median    Mean 3rd Qu.    Max. 
 0.4533  1.1667  1.4700  1.6137  1.9400  6.7133 
   Min. 1st Qu.  Median    Mean 3rd Qu.    Max. 
 0.3333  1.1125  1.3650  1.4818  1.8000  3.8933 
improvement in LL after 50 iterations (0.99 XO quantile, 96 lines):
[1] -50.612742 -80.858066 -19.828376  -2.030180  -7.433466  -7.514211
  n.mar length ave.spacing max.spacing
1    97   66.4         0.7         2.4
2    94   56.7         0.6         2.2
3    86   62.4         0.7         2.7
4    81   46.9         0.6         6.3
5    80   52.5         0.7         2.5
6    74   46.5         0.6         2.2
  n.mar length ave.spacing max.spacing
1    97   57.8         0.6         2.2
2    94   54.6         0.6         2.2
3    86   57.8         0.7         2.2
4    81   47.4         0.6         6.4
5    80   53.1         0.7         2.5
6    74   46.5         0.6         2.2
   Min. 1st Qu.  Median    Mean 3rd Qu.    Max. 
 0.3333  1.1642  1.4650  1.5553  1.8983  4.1067 
   Min. 1st Qu.  Median    Mean 3rd Qu.    Max. 
 0.3333  0.9933  1.2650  1.3081  1.6675  2.3467 
improvement in LL after 50 iterations (0.95 XO quantile, 92 lines):
[1] -134.18869  -64.67124  -42.97138  -35.28982  -24.30377  -59.25528
  n.mar length ave.spacing max.spacing
1    97   57.8         0.6         2.2
2    94   54.6         0.6         2.2
3    86   57.8         0.7         2.2
4    81   47.4         0.6         6.4
5    80   53.1         0.7         2.5
6    74   46.5         0.6         2.2
  n.mar length ave.spacing max.spacing
1    97   50.1         0.5         2.3
2    94   52.6         0.6         2.3
3    86   56.5         0.7         2.3
4    81   48.0         0.6         6.7
5    80   53.2         0.7         2.3
6    74   44.2         0.6         2.3
   Min. 1st Qu.  Median    Mean 3rd Qu.    Max. 
 0.3333  0.9967  1.3000  1.3198  1.6775  2.4400 
   Min. 1st Qu.  Median    Mean 3rd Qu.    Max. 
 0.5567  0.9542  1.1783  1.2121  1.4650  1.9233 
improvement in LL after 50 iterations (0.9 XO quantile, 82 lines):
[1] -54.64414 -54.77933 -73.94505 -70.80626 -83.40601 -92.89020
  n.mar length ave.spacing max.spacing
1    97   50.1         0.5         2.3
2    94   52.6         0.6         2.3
3    86   56.5         0.7         2.3
4    81   48.0         0.6         6.7
5    80   53.2         0.7         2.3
6    74   44.2         0.6         2.3
  n.mar length ave.spacing max.spacing
1    97   52.7         0.5         2.6
2    94   54.8         0.6         2.6
3    86   56.7         0.7         2.6
4    81   46.9         0.6         5.3
5    80   53.2         0.7         2.6
6    74   41.9         0.6         2.6
gmap_hifi_q100 Test full reordering by physical distance
gmap_hifi_q100: Of 35 contigs in the map, 6 are unorientable, 10 are discordant (spanning 9185362 and 34618811 bp)
gmap_hifi_q100 breaks: initial order vs. oriented order
[[1]]
Run Length Encoding
  lengths: int [1:27] 2 1 1 1 1 1 1 1 1 7 ...
  values : int [1:27] 1 -3 -1 5 2 -1 3 -1 2 1 ...

[[2]]
Run Length Encoding
  lengths: int [1:33] 10 1 1 1 19 1 1 1 3 1 ...
  values : int [1:33] 1 2 -1 2 1 2 -1 2 1 2 ...

[[3]]
Run Length Encoding
  lengths: int [1:13] 2 1 1 1 1 1 1 1 21 1 ...
  values : int [1:13] 1 -3 4 2 -1 3 -1 2 1 2 ...

[[4]]
Run Length Encoding
  lengths: int [1:22] 1 1 1 1 1 1 1 1 1 12 ...
  values : int [1:22] 1 4 -1 3 -1 2 -6 1 6 1 ...

[[5]]
Run Length Encoding
  lengths: int [1:12] 1 1 1 24 1 1 1 19 1 1 ...
  values : int [1:12] 1 -2 3 1 2 -1 2 1 2 -1 ...

[[6]]
Run Length Encoding
  lengths: int [1:11] 20 1 1 1 41 1 1 1 4 1 ...
  values : int [1:11] 1 2 -1 2 1 2 -1 2 1 2 ...

gmap_hifi_q100 likelihoods for new order
LG 1: LOD 5.288, map length -3.034, order accepted
LG 2: LOD 0.588, map length -2.131, order accepted
LG 3: LOD -1.901, map length -0.376, order accepted
	LG 4: LOD -6.367, map length 0.130, order rejected
LG 5: LOD -0.000, map length -0.000, order accepted
LG 6: LOD -0.090, map length -0.265, order accepted
gmap_hifi_q100: Of 35 contigs in the map, 6 are unorientable, 1 are discordant (spanning 9185362 and 3926319 bp)
gmap_hifi_q100 breaks: initial order vs. oriented order
[[1]]
Run Length Encoding
  lengths: int 96
  values : int 1

[[2]]
Run Length Encoding
  lengths: int 93
  values : int 1

[[3]]
Run Length Encoding
  lengths: int 85
  values : int 1

[[4]]
Run Length Encoding
  lengths: int [1:22] 1 1 1 1 1 1 1 1 1 12 ...
  values : int [1:22] 1 4 -1 3 -1 2 -6 1 6 1 ...

[[5]]
Run Length Encoding
  lengths: int 79
  values : int 1

[[6]]
Run Length Encoding
  lengths: int 73
  values : int 1

gmap_hifi_q100 likelihoods for new order
LG 1: no change
LG 2: no change
LG 3: no change
	LG 4: LOD -6.367, map length 0.130, order rejected
LG 5: no change
LG 6: no change
gmap_hifi_q100 Test case-by-case reordering by physical distance
Terminal case
LG 4 genetic conflict Ctg037-Ctg025-Ctg037: 6.310-6.310<->2.630-3.151 cM
 LG 4 genetic conflict Ctg037-Ctg033-Ctg037: 6.310-6.310<->2.630-3.151 cM
 LG 4 genetic conflict Ctg037-Ctg029-Ctg037: 6.310-6.310<->2.630-3.151 cM
 LG 4 genetic conflict Ctg037-Ctg032-Ctg037: 6.310-6.310<->2.630-3.151 cM
	failed: will not join R lik -4.738
        n.mar length ave.spacing max.spacing
1          97   61.0         0.6         2.2
2          94   54.6         0.6         2.2
3          86   60.7         0.7         2.7
4          81   46.9         0.6         6.3
5          80   52.5         0.7         2.5
6          74   46.2         0.6         2.2
overall   512  322.0         0.6         6.3
Saving cross and map df to /scratch/lmn3/becei/gmap_hifi/rqtl/gmap_hifi_q100_rimap_2.rda
gmap_hifi_q100 Add duplicate markers
gmap_hifi_q100 Order duplicate markers
gmap_hifi_q100 LG 2 case 1 Ctg009-Ctg015-Ctg009: 0.000<cM>0.329 6008.301<kb>27.003
	301-758 : 822-825
	gmap_hifi_q100 failed: no simple resolution
gmap_hifi_q100 LG 2 case 2 Ctg015-Ctg009-Ctg015: 0.329<cM>0.524 777.481<kb>2017.725
	759-821 : 826-985
	gmap_hifi_q100 failed: no simple resolution
gmap_hifi_q100 LG 4 case 1 Ctg033-Ctg032-Ctg033: 0.521<cM>0.000 79.305<kb>397.390
	175-179 : 217-245
	gmap_hifi_q100 failed: no simple resolution
LG 1: Ctg006 dupe split over 1 junction
          marker genetic lg marker_scaf         dupe   start     end   scaf
368 Ctg006.19701  31.405  1      Ctg006 Ctg006.19751 5789982 5802275 Ctg006
369 Ctg006.19701  31.405  1      Ctg006        FALSE 5767178 5789965 Ctg006
370  Ctg006.9201  31.735  1      Ctg006 Ctg006.23551 6684655 6697185 Ctg006
      diff    cpos
368  12310 7161129
369 907220 7183933
370  12579 8101410

LG 1: Ctg023 dupe split over 1 junction
         marker genetic lg marker_scaf        dupe   start     end   scaf
309 Ctg023.4151  28.269  1      Ctg023 Ctg023.7501 1816111 1829580 Ctg023
310 Ctg023.4151  28.269  1      Ctg023 Ctg023.7551 1829743 1836304 Ctg023
311 Ctg023.4351  28.620  1      Ctg023       FALSE 1114106 1121339 Ctg023
      diff    cpos
309  13490 4469675
310   6724 4483307
311 714965 5198944

LG 1, span vs true span -2330426

LG 2: Ctg009 dupe split over 1 junction
           marker genetic lg marker_scaf         dupe   start     end   scaf
1763 Ctg009.22601  35.092  2      Ctg009 Ctg009.22901 5997398 6008147 Ctg009
1764 Ctg009.22601  35.092  2      Ctg009 Ctg009.22951 6008301 6015175 Ctg009
1828 Ctg009.22701  35.421  2      Ctg009        FALSE 5962616 5968884 Ctg009
      diff     cpos
1763 10779 10879102
1764  7028 10890005
1828 46291 11667486

LG 2: Ctg015 dupe split over 2 junction
           marker genetic lg marker_scaf        dupe   start     end   scaf
1827 Ctg009.22601  35.092  2      Ctg009 Ctg015.7951 1963615 1979043 Ctg015
1832  Ctg015.7801  35.945  2      Ctg015       FALSE 1930587 1938996 Ctg015
1833  Ctg015.7501  36.040  2      Ctg015 Ctg015.7901 1950096 1963599 Ctg015
      diff     cpos
1827 40047 11667486
1832 24603 11694489
1833 13520 11713998

          marker genetic lg marker_scaf        dupe   start     end   scaf
1841 Ctg015.7351  36.564  2      Ctg015 Ctg015.7401 1817888 1828854 Ctg015
1842 Ctg015.7351  36.564  2      Ctg015       FALSE 1804851 1815457 Ctg015
1843 Ctg015.4951  36.800  2      Ctg015 Ctg015.7451 1828911 1856003 Ctg015
      diff     cpos
1841 13397 11846206
1842 40546 11859243
1843 51282 11883303

LG 2: Ctg016 dupe split over 1 junction
          marker genetic lg marker_scaf        dupe  start    end   scaf   diff
1276 Ctg016.1401  30.988  2      Ctg016       FALSE 419635 425052 Ctg016 375245
1277    Ctg016.1  30.988  2      Ctg016       FALSE   9503  49807 Ctg016 410222
1278    Ctg009.1  31.445  2      Ctg009 Ctg016.1551 447202 460029 Ctg016  40789
        cpos
1276 3586671
1277 3996803
1278 4434502

LG 2, span vs true span -535368

LG 3: Ctg030 dupe split over 1 junction
          marker genetic lg marker_scaf        dupe  start    end   scaf   diff
2171 Ctg030.2001   0.576  3      Ctg030 Ctg030.2051 465608 477231 Ctg030  11639
2172 Ctg030.2001   0.576  3      Ctg030       FALSE 453172 465592 Ctg030 453156
2173 Ctg030.1851   0.901  3      Ctg030 Ctg030.2851 878602 918748 Ctg030  40998
       cpos
2171 267558
2172 279994
2173 705424

LG 3, span vs true span -267572

LG 4: Ctg012 dupe split over 2 junction
           marker genetic lg marker_scaf         dupe   start     end   scaf
4594 Ctg012.31301  29.282  4      Ctg012        FALSE 3421233 3428322 Ctg012
4595 Ctg012.31301  29.282  4      Ctg012 Ctg012.31251 3413183 3421218 Ctg012
4596 Ctg012.31551  29.614  4      Ctg012 Ctg012.32351 3597633 3605814 Ctg012
       diff     cpos
4594   7104 18150583
4595 184596 18158633
4596   8395 18343083

           marker genetic lg marker_scaf         dupe   start     end   scaf
4614 Ctg012.30601  30.136  4      Ctg012 Ctg012.30651 3319969 3325918 Ctg012
4615 Ctg012.30601  30.136  4      Ctg012        FALSE 3309422 3319805 Ctg012
4616 Ctg012.28301  30.468  4      Ctg012 Ctg012.31201 3405100 3412924 Ctg012
      diff     cpos
4614  6113 18620747
4615 93119 18631294
4616  7892 18726972

LG 4: Ctg029 dupe split over 1 junction
          marker genetic lg marker_scaf        dupe   start     end   scaf
3243    Ctg025.1   6.310  4      Ctg025   Ctg029.51   38931   50558 Ctg029
3244    Ctg025.1   6.310  4      Ctg025    Ctg029.1   15853   38863 Ctg029
3245 Ctg029.1101   7.898  4      Ctg029 Ctg029.3951 1093920 1106992 Ctg029
        diff    cpos
3243   11695 1890591
3244 1068129 1913669
3245   13087 2991736

LG 4: Ctg040 dupe split over 1 junction
         marker genetic lg marker_scaf       dupe  start    end   scaf   diff
3416 Ctg037.901   9.461  4      Ctg037 Ctg040.451 163956 187134 Ctg040  23723
3417 Ctg037.901   9.461  4      Ctg037 Ctg040.501 188552 193594 Ctg040   6460
3418   Ctg039.1   9.982  4      Ctg039   Ctg040.1  12641  27725 Ctg040 165869
        cpos
3416 5735926
3417 5760522
3418 5936433

LG 4, span vs true span -685712

LG 5, span vs true span 0

LG 6, span vs true span 0

gmap_hifi_q100 After duplicate and termini addition:
90.61 Mb ordered (31 contig)
8.42 Mb genetically unorderable (10 contig)
4.20 Mb ambiguous (0 contig)
vs. assembly span 99.41 Mb (3.82 off)
42 contigsgmap_hifi_q99 Test full reordering by physical distance
gmap_hifi_q99: Of 35 contigs in the map, 6 are unorientable, 8 are discordant (spanning 9185362 and 28748942 bp)
gmap_hifi_q99 breaks: initial order vs. oriented order
[[1]]
Run Length Encoding
  lengths: int [1:27] 1 1 1 1 1 1 1 1 1 2 ...
  values : int [1:27] 1 -2 3 -4 5 2 -1 3 -1 2 ...

[[2]]
Run Length Encoding
  lengths: int [1:40] 10 1 1 1 19 1 1 1 5 1 ...
  values : int [1:40] 1 2 -1 2 1 2 -1 2 1 2 ...

[[3]]
Run Length Encoding
  lengths: int [1:14] 1 1 1 3 1 1 1 13 1 1 ...
  values : int [1:14] 1 -2 3 1 2 -1 2 1 2 -1 ...

[[4]]
Run Length Encoding
  lengths: int [1:18] 1 1 1 1 1 1 1 1 1 7 ...
  values : int [1:18] 1 4 -1 3 -1 2 -6 1 6 1 ...

[[5]]
Run Length Encoding
  lengths: int [1:4] 76 1 1 1
  values : int [1:4] 1 2 -1 2

[[6]]
Run Length Encoding
  lengths: int [1:11] 1 1 4 1 1 1 5 1 1 1 ...
  values : int [1:11] -1 2 1 2 -1 2 1 2 -1 2 ...

gmap_hifi_q99 likelihoods for new order
	LG 1: LOD -4.161, map length -1.243, order rejected
LG 2: LOD -1.183, map length -0.793, order accepted
LG 3: LOD -2.083, map length -0.098, order accepted
	LG 4: LOD -6.365, map length 0.113, order rejected
LG 5: LOD 0.000, map length 0.000, order accepted
LG 6: LOD -0.092, map length -0.271, order accepted
gmap_hifi_q99: Of 35 contigs in the map, 6 are unorientable, 3 are discordant (spanning 9185362 and 7981440 bp)
gmap_hifi_q99 breaks: initial order vs. oriented order
[[1]]
Run Length Encoding
  lengths: int [1:27] 1 1 1 1 1 1 1 1 1 2 ...
  values : int [1:27] 1 -2 3 -4 5 2 -1 3 -1 2 ...

[[2]]
Run Length Encoding
  lengths: int 93
  values : int 1

[[3]]
Run Length Encoding
  lengths: int 85
  values : int 1

[[4]]
Run Length Encoding
  lengths: int [1:18] 1 1 1 1 1 1 1 1 1 7 ...
  values : int [1:18] 1 4 -1 3 -1 2 -6 1 6 1 ...

[[5]]
Run Length Encoding
  lengths: int 79
  values : int 1

[[6]]
Run Length Encoding
  lengths: int 73
  values : int 1

gmap_hifi_q99 likelihoods for new order
	LG 1: LOD -4.161, map length -1.243, order rejected
LG 2: no change
LG 3: no change
	LG 4: LOD -6.365, map length 0.113, order rejected
LG 5: no change
LG 6: no change
gmap_hifi_q99 Test case-by-case reordering by physical distance
Terminal case
LG 4 genetic conflict Ctg037-Ctg025-Ctg037: 6.385-6.385<->2.659-3.185 cM
 LG 4 genetic conflict Ctg037-Ctg033-Ctg037: 6.385-6.385<->2.659-3.185 cM
 LG 4 genetic conflict Ctg037-Ctg029-Ctg037: 6.385-6.385<->2.659-3.185 cM
 LG 4 genetic conflict Ctg037-Ctg032-Ctg037: 6.385-6.385<->2.659-3.185 cM
	failed: will not join R lik -4.730
        n.mar length ave.spacing max.spacing
1          97   57.8         0.6         2.2
2          94   53.8         0.6         2.2
3          86   57.7         0.7         2.2
4          81   47.4         0.6         6.4
5          80   53.1         0.7         2.5
6          74   46.2         0.6         2.2
overall   512  316.0         0.6         6.4
Saving cross and map df to /scratch/lmn3/becei/gmap_hifi/rqtl/gmap_hifi_q99_rimap_2.rda
gmap_hifi_q99 Add duplicate markers
gmap_hifi_q99 Order duplicate markers
gmap_hifi_q99 LG 4 case 1 Ctg033-Ctg032-Ctg033: 0.526<cM>0.000 79.305<kb>397.390
	175-179 : 217-245
	gmap_hifi_q99 failed: no simple resolution
LG 1: Ctg006 dupe split over 1 junction
          marker genetic lg marker_scaf         dupe   start     end   scaf
368 Ctg006.19701  28.881  1      Ctg006 Ctg006.19751 5789982 5802275 Ctg006
369 Ctg006.19701  28.881  1      Ctg006        FALSE 5767178 5789965 Ctg006
370  Ctg006.9201  29.224  1      Ctg006 Ctg006.23551 6684655 6697185 Ctg006
      diff     cpos
368  12310  9955984
369 907220  9978788
370  12579 10896265

LG 1: Ctg020 dupe split over 1 junction
        marker genetic lg marker_scaf        dupe   start     end   scaf   diff
8  Ctg020.5101   0.000  1      Ctg020 Ctg020.5151 1447958 1465308 Ctg020  18279
9  Ctg020.5101   0.000  1      Ctg020       FALSE 1434302 1447029 Ctg020 696386
10 Ctg020.6451   0.525  1      Ctg020 Ctg020.6551 1907283 2143415 Ctg020 236181
     cpos
8  101368
9  115024
10 588005

LG 1: Ctg023 dupe split over 5 junction
      marker genetic lg marker_scaf  dupe   start     end   scaf    diff
171 Ctg023.1  20.845  1      Ctg023   end 1848272 1891833 Ctg023 1879546
172 Ctg023.1  20.845  1      Ctg023 FALSE     105   12287 Ctg023   11350
       cpos
171 3005435
172 3017618

         marker genetic lg marker_scaf        dupe   start     end   scaf
249 Ctg023.5701  24.164  1      Ctg023 Ctg023.5801 1422931 1430188 Ctg023
250 Ctg023.5701  24.164  1      Ctg023 Ctg023.7601 1836320 1848271 Ctg023
251 Ctg023.4351  24.690  1      Ctg023       FALSE 1114106 1121339 Ctg023
      diff    cpos
249 418083 4440444
250 726932 4853833
251   8753 5576047

         marker genetic lg marker_scaf        dupe   start     end   scaf
259 Ctg023.4701  25.217  1      Ctg023 Ctg023.4751 1179541 1189328 Ctg023
260 Ctg023.4701  25.217  1      Ctg023 Ctg023.5101 1254492 1270383 Ctg023
261 Ctg023.4001  25.560  1      Ctg023       FALSE 1012485 1021392 Ctg023
      diff    cpos
259  81055 5641482
260 248991 5716433
261   9365 5958440

         marker genetic lg marker_scaf        dupe   start     end   scaf  diff
261 Ctg023.4001  25.560  1      Ctg023       FALSE 1012485 1021392 Ctg023  9365
262 Ctg023.4001  25.560  1      Ctg023 Ctg023.4051 1021413 1030757 Ctg023 62740
263 Ctg023.3751  26.087  1      Ctg023       FALSE  960151  968017 Ctg023 12140
       cpos
261 5958440
262 5967368
263 6028630

         marker genetic lg marker_scaf        dupe   start     end   scaf
323 Ctg023.4151  26.431  1      Ctg023 Ctg023.7501 1816111 1829580 Ctg023
324 Ctg023.4151  26.431  1      Ctg023 Ctg023.7551 1829743 1836304 Ctg023
325 Ctg023.4151  26.431  1      Ctg023         end       0     104 Ctg023
       diff    cpos
323    6724 6884590
324 1836200 6898222
325       0 8727965

LG 1, span vs true span -2024028

LG 2: Ctg016 dupe split over 1 junction
          marker genetic lg marker_scaf        dupe  start    end   scaf   diff
1276 Ctg016.1401  31.326  2      Ctg016       FALSE 419635 425052 Ctg016 375245
1277    Ctg016.1  31.326  2      Ctg016       FALSE   9503  49807 Ctg016 410222
1278    Ctg009.1  31.788  2      Ctg009 Ctg016.1551 447202 460029 Ctg016  40789
        cpos
1276 3586671
1277 3996803
1278 4434502

LG 2, span vs true span -410222

LG 3: Ctg030 dupe split over 1 junction
          marker genetic lg marker_scaf        dupe  start    end   scaf   diff
2171 Ctg030.2001   0.088  3      Ctg030 Ctg030.2051 465608 477231 Ctg030  11639
2172 Ctg030.2001   0.088  3      Ctg030       FALSE 453172 465592 Ctg030 453156
2173 Ctg030.1851   0.423  3      Ctg030 Ctg030.2851 878602 918748 Ctg030  40998
       cpos
2171 267558
2172 279994
2173 705424

LG 3, span vs true span -267572

LG 4: Ctg012 dupe split over 2 junction
           marker genetic lg marker_scaf         dupe   start     end   scaf
4594 Ctg012.31301  29.600  4      Ctg012        FALSE 3421233 3428322 Ctg012
4595 Ctg012.31301  29.600  4      Ctg012 Ctg012.31251 3413183 3421218 Ctg012
4596 Ctg012.31551  29.944  4      Ctg012 Ctg012.32351 3597633 3605814 Ctg012
       diff     cpos
4594   7104 18150583
4595 184596 18158633
4596   8395 18343083

           marker genetic lg marker_scaf         dupe   start     end   scaf
4614 Ctg012.30601  30.472  4      Ctg012 Ctg012.30651 3319969 3325918 Ctg012
4615 Ctg012.30601  30.472  4      Ctg012        FALSE 3309422 3319805 Ctg012
4616 Ctg012.28301  30.815  4      Ctg012 Ctg012.31201 3405100 3412924 Ctg012
      diff     cpos
4614  6113 18620747
4615 93119 18631294
4616  7892 18726972

LG 4: Ctg029 dupe split over 1 junction
          marker genetic lg marker_scaf        dupe   start     end   scaf
3243    Ctg025.1   6.385  4      Ctg025   Ctg029.51   38931   50558 Ctg029
3244    Ctg025.1   6.385  4      Ctg025    Ctg029.1   15853   38863 Ctg029
3245 Ctg029.1101   7.991  4      Ctg029 Ctg029.3951 1093920 1106992 Ctg029
        diff    cpos
3243   11695 1890591
3244 1068129 1913669
3245   13087 2991736

LG 4: Ctg040 dupe split over 1 junction
         marker genetic lg marker_scaf       dupe  start    end   scaf   diff
3416 Ctg037.901   9.570  4      Ctg037 Ctg040.451 163956 187134 Ctg040  23723
3417 Ctg037.901   9.570  4      Ctg037 Ctg040.501 188552 193594 Ctg040   6460
3418   Ctg039.1  10.096  4      Ctg039   Ctg040.1  12641  27725 Ctg040 165869
        cpos
3416 5735926
3417 5760522
3418 5936433

LG 4, span vs true span -685712

LG 5, span vs true span 0

LG 6, span vs true span 0

gmap_hifi_q99 After duplicate and termini addition:
85.00 Mb ordered (29 contig)
8.42 Mb genetically unorderable (10 contig)
2.91 Mb ambiguous (0 contig)
vs. assembly span 99.41 Mb (3.39 off)
42 contigs gmap_hifi_q99 After duplicate and termini addition:
85.00 Mb ordered (29 contig)
8.42 Mb genetically unorderable (10 contig)
4.20 Mb ambiguous (0 contig)
vs. assembly span 99.41 Mb (3.39 off)
42 contigs gmap_hifi_q99 After duplicate and termini addition:
85.00 Mb ordered (29 contig)
8.42 Mb genetically unorderable (10 contig)
2.27 Mb ambiguous (0 contig)
vs. assembly span 99.41 Mb (3.39 off)
42 contigsgmap_hifi_q95 Test full reordering by physical distance
gmap_hifi_q95: Of 35 contigs in the map, 6 are unorientable, 3 are discordant (spanning 9185362 and 15783712 bp)
gmap_hifi_q95 breaks: initial order vs. oriented order
[[1]]
Run Length Encoding
  lengths: int [1:53] 2 1 1 1 1 1 1 1 2 1 ...
  values : int [1:53] 1 -3 -1 5 2 -1 3 -1 2 -1 ...

[[2]]
Run Length Encoding
  lengths: int [1:42] 9 1 1 1 1 19 1 1 2 1 ...
  values : int [1:42] 1 3 -2 1 2 1 2 -1 2 -1 ...

[[3]]
Run Length Encoding
  lengths: int [1:23] 1 1 1 1 1 1 1 1 1 3 ...
  values : int [1:23] 2 -1 -2 4 2 -1 3 -1 2 1 ...

[[4]]
Run Length Encoding
  lengths: int [1:28] 1 1 1 1 1 1 1 1 1 4 ...
  values : int [1:28] 1 4 -1 3 -1 2 -6 1 6 1 ...

[[5]]
Run Length Encoding
  lengths: int [1:16] 18 1 1 1 6 1 1 1 19 1 ...
  values : int [1:16] 1 2 -1 2 1 2 -1 2 1 2 ...

[[6]]
Run Length Encoding
  lengths: int [1:21] 1 1 1 1 1 2 1 1 3 1 ...
  values : int [1:21] -1 2 1 2 -1 2 -1 2 1 2 ...

gmap_hifi_q95 likelihoods for new order
LG 1: LOD -2.099, map length -0.250, order accepted
LG 2: LOD 0.000, map length -0.000, order accepted
LG 3: LOD 0.000, map length -0.000, order accepted
	LG 4: LOD -6.358, map length 0.054, order rejected
LG 5: LOD -0.000, map length 0.000, order accepted
LG 6: LOD -0.102, map length -0.293, order accepted
gmap_hifi_q95: Of 35 contigs in the map, 6 are unorientable, 1 are discordant (spanning 9185362 and 3926319 bp)
gmap_hifi_q95 breaks: initial order vs. oriented order
[[1]]
Run Length Encoding
  lengths: int 96
  values : int 1

[[2]]
Run Length Encoding
  lengths: int 93
  values : int 1

[[3]]
Run Length Encoding
  lengths: int 85
  values : int 1

[[4]]
Run Length Encoding
  lengths: int [1:28] 1 1 1 1 1 1 1 1 1 4 ...
  values : int [1:28] 1 4 -1 3 -1 2 -6 1 6 1 ...

[[5]]
Run Length Encoding
  lengths: int 79
  values : int 1

[[6]]
Run Length Encoding
  lengths: int 73
  values : int 1

gmap_hifi_q95 likelihoods for new order
LG 1: no change
LG 2: no change
LG 3: no change
	LG 4: LOD -6.358, map length 0.054, order rejected
LG 5: no change
LG 6: no change
gmap_hifi_q95 Test case-by-case reordering by physical distance
Terminal case
LG 4 genetic conflict Ctg037-Ctg025-Ctg037: 6.705-6.705<->2.778-3.328 cM
 LG 4 genetic conflict Ctg037-Ctg033-Ctg037: 6.705-6.705<->2.778-3.328 cM
 LG 4 genetic conflict Ctg037-Ctg029-Ctg037: 6.705-6.705<->2.778-3.328 cM
 LG 4 genetic conflict Ctg037-Ctg032-Ctg037: 6.705-6.705<->2.778-3.328 cM
	failed: will not join R lik -4.696
        n.mar length ave.spacing max.spacing
1          97   50.7         0.5         2.3
2          94   52.6         0.6         2.3
3          86   56.5         0.7         2.3
4          81   48.0         0.6         6.7
5          80   53.2         0.7         2.3
6          74   43.9         0.6         2.3
overall   512  304.8         0.6         6.7
Saving cross and map df to /scratch/lmn3/becei/gmap_hifi/rqtl/gmap_hifi_q95_rimap_2.rda
gmap_hifi_q95 Add duplicate markers
gmap_hifi_q95 Order duplicate markers
gmap_hifi_q95 LG 4 case 1 Ctg033-Ctg032-Ctg033: 0.550<cM>0.000 79.305<kb>397.390
	175-179 : 217-245
	gmap_hifi_q95 failed: no simple resolution
LG 1, span vs true span 0

LG 2, span vs true span 0

LG 3, span vs true span 0

LG 4: Ctg012 dupe split over 2 junction
           marker genetic lg marker_scaf         dupe   start     end   scaf
4594 Ctg012.31301  29.845  4      Ctg012        FALSE 3421233 3428322 Ctg012
4595 Ctg012.31301  29.845  4      Ctg012 Ctg012.31251 3413183 3421218 Ctg012
4596 Ctg012.31551  30.232  4      Ctg012 Ctg012.32351 3597633 3605814 Ctg012
       diff     cpos
4594   7104 18150583
4595 184596 18158633
4596   8395 18343083

           marker genetic lg marker_scaf         dupe   start     end   scaf
4614 Ctg012.30601  30.783  4      Ctg012 Ctg012.30651 3319969 3325918 Ctg012
4615 Ctg012.30601  30.783  4      Ctg012        FALSE 3309422 3319805 Ctg012
4616 Ctg012.28301  31.170  4      Ctg012 Ctg012.31201 3405100 3412924 Ctg012
      diff     cpos
4614  6113 18620747
4615 93119 18631294
4616  7892 18726972

LG 4: Ctg029 dupe split over 1 junction
          marker genetic lg marker_scaf        dupe   start     end   scaf
3243    Ctg025.1   6.705  4      Ctg025   Ctg029.51   38931   50558 Ctg029
3244    Ctg025.1   6.705  4      Ctg025    Ctg029.1   15853   38863 Ctg029
3245 Ctg029.1101   8.384  4      Ctg029 Ctg029.3951 1093920 1106992 Ctg029
        diff    cpos
3243   11695 1890591
3244 1068129 1913669
3245   13087 2991736

LG 4: Ctg040 dupe split over 1 junction
         marker genetic lg marker_scaf       dupe  start    end   scaf   diff
3416 Ctg037.901  10.033  4      Ctg037 Ctg040.451 163956 187134 Ctg040  23723
3417 Ctg037.901  10.033  4      Ctg037 Ctg040.501 188552 193594 Ctg040   6460
3418   Ctg039.1  10.582  4      Ctg039   Ctg040.1  12641  27725 Ctg040 165869
        cpos
3416 5735926
3417 5760522
3418 5936433

LG 4, span vs true span -685712

LG 5, span vs true span 0

LG 6, span vs true span 0

gmap_hifi_q95 After duplicate and termini addition:
87.47 Mb ordered (31 contig)
8.42 Mb genetically unorderable (10 contig)
4.20 Mb ambiguous (0 contig)
vs. assembly span 99.41 Mb (0.69 off)
42 contigsgmap_hifi_q90 Test full reordering by physical distance
gmap_hifi_q90: Of 35 contigs in the map, 6 are unorientable, 2 are discordant (spanning 9185362 and 6089608 bp)
gmap_hifi_q90 breaks: initial order vs. oriented order
[[1]]
Run Length Encoding
  lengths: int [1:54] 10 1 1 1 2 1 1 1 5 1 ...
  values : int [1:54] 1 2 -1 2 1 2 -1 2 1 4 ...

[[2]]
Run Length Encoding
  lengths: int [1:42] 9 1 1 1 1 19 1 1 2 1 ...
  values : int [1:42] 1 3 -2 1 2 1 2 -1 2 -1 ...

[[3]]
Run Length Encoding
  lengths: int [1:28] 2 1 3 1 1 1 2 1 1 1 ...
  values : int [1:28] -1 3 1 2 -1 2 1 2 1 -2 ...

[[4]]
Run Length Encoding
  lengths: int [1:36] 1 1 1 1 1 1 1 1 1 4 ...
  values : int [1:36] 1 4 -1 3 -1 -4 6 -5 6 1 ...

[[5]]
Run Length Encoding
  lengths: int [1:14] 27 1 1 1 19 1 1 1 21 1 ...
  values : int [1:14] 1 2 -1 2 1 2 -1 2 1 2 ...

[[6]]
Run Length Encoding
  lengths: int [1:42] 1 1 1 1 4 1 1 1 4 1 ...
  values : int [1:42] 1 2 -1 2 1 2 -1 2 1 2 ...

gmap_hifi_q90 likelihoods for new order
LG 1: LOD -2.121, map length -0.250, order accepted
LG 2: LOD 0.000, map length -0.000, order accepted
LG 3: LOD 0.000, map length -0.000, order accepted
	LG 4: LOD -3.943, map length 0.177, order rejected
LG 5: LOD 0.000, map length -0.000, order accepted
LG 6: LOD -0.000, map length -0.000, order accepted
gmap_hifi_q90: Of 35 contigs in the map, 6 are unorientable, 1 are discordant (spanning 9185362 and 3926319 bp)
gmap_hifi_q90 breaks: initial order vs. oriented order
[[1]]
Run Length Encoding
  lengths: int 96
  values : int 1

[[2]]
Run Length Encoding
  lengths: int 93
  values : int 1

[[3]]
Run Length Encoding
  lengths: int 85
  values : int 1

[[4]]
Run Length Encoding
  lengths: int [1:36] 1 1 1 1 1 1 1 1 1 4 ...
  values : int [1:36] 1 4 -1 3 -1 -4 6 -5 6 1 ...

[[5]]
Run Length Encoding
  lengths: int 79
  values : int 1

[[6]]
Run Length Encoding
  lengths: int 73
  values : int 1

gmap_hifi_q90 likelihoods for new order
LG 1: no change
LG 2: no change
LG 3: no change
	LG 4: LOD -3.943, map length 0.177, order rejected
LG 5: no change
LG 6: no change
gmap_hifi_q90 Test case-by-case reordering by physical distance
Terminal case
LG 4 genetic conflict Ctg037-Ctg025-Ctg037: 5.291-5.291<->1.242-1.242 cM
 LG 4 genetic conflict Ctg037-Ctg032-Ctg037: 5.291-5.291<->1.242-1.242 cM
 LG 4 genetic conflict Ctg037-Ctg029-Ctg037: 5.291-5.291<->1.242-1.242 cM
	failed: will not join L lik -1.223
        n.mar length ave.spacing max.spacing
1          97   53.4         0.6         2.6
2          94   54.8         0.6         2.6
3          86   56.7         0.7         2.6
4          81   46.9         0.6         5.3
5          80   53.2         0.7         2.6
6          74   41.9         0.6         2.6
overall   512  307.0         0.6         5.3
Saving cross and map df to /scratch/lmn3/becei/gmap_hifi/rqtl/gmap_hifi_q90_rimap_2.rda
gmap_hifi_q90 Add duplicate markers
gmap_hifi_q90 Order duplicate markers
gmap_hifi_q90 LG 4 case 1 Ctg033-Ctg037-Ctg033: 0.000<cM>0.638 488.416<kb>43.067
 gmap_hifi_q90 LG 4 case 1 Ctg033-Ctg041-Ctg033: 0.000<cM>0.638 488.416<kb>43.067
 gmap_hifi_q90 LG 4 case 1 Ctg033-Ctg046-Ctg033: 0.000<cM>0.638 488.416<kb>43.067
	212-243 : 272-273
	gmap_hifi_q90 failed: no simple resolution
LG 1, span vs true span 0

LG 2, span vs true span 0

LG 3, span vs true span 0

LG 4: Ctg012 dupe split over 2 junction
           marker genetic lg marker_scaf         dupe   start     end   scaf
4594 Ctg012.31301  28.202  4      Ctg012        FALSE 3421233 3428322 Ctg012
4595 Ctg012.31301  28.202  4      Ctg012 Ctg012.31251 3413183 3421218 Ctg012
4596 Ctg012.31551  28.690  4      Ctg012 Ctg012.32351 3597633 3605814 Ctg012
       diff     cpos
4594   7104 18208435
4595 184596 18216485
4596   8395 18400935

           marker genetic lg marker_scaf         dupe   start     end   scaf
4614 Ctg012.30601  29.309  4      Ctg012 Ctg012.30651 3319969 3325918 Ctg012
4615 Ctg012.30601  29.309  4      Ctg012        FALSE 3309422 3319805 Ctg012
4616 Ctg012.28301  29.797  4      Ctg012 Ctg012.31201 3405100 3412924 Ctg012
      diff     cpos
4614  6113 18678599
4615 93119 18689146
4616  7892 18784824

LG 4: Ctg029 dupe split over 1 junction
          marker genetic lg marker_scaf        dupe   start     end   scaf
3243    Ctg025.1   5.291  4      Ctg025   Ctg029.51   38931   50558 Ctg029
3244    Ctg025.1   5.291  4      Ctg025    Ctg029.1   15853   38863 Ctg029
3245 Ctg029.1101   6.530  4      Ctg029 Ctg029.3951 1093920 1106992 Ctg029
        diff    cpos
3243   11695 1890591
3244 1068129 1913669
3245   13087 2991736

LG 4: Ctg040 dupe split over 1 junction
         marker genetic lg marker_scaf       dupe  start    end   scaf   diff
3416 Ctg037.901   7.807  4      Ctg037 Ctg040.451 163956 187134 Ctg040  23723
3417 Ctg037.901   7.807  4      Ctg037 Ctg040.501 188552 193594 Ctg040   6460
3418   Ctg039.1   8.424  4      Ctg039   Ctg040.1  12641  27725 Ctg040 165869
        cpos
3416 5793778
3417 5818374
3418 5994285

LG 4, span vs true span -1117769

LG 5, span vs true span 0

LG 6, span vs true span 0

gmap_hifi_q90 After duplicate and termini addition:
87.91 Mb ordered (31 contig)
8.42 Mb genetically unorderable (10 contig)
4.20 Mb ambiguous (0 contig)
vs. assembly span 99.41 Mb (1.12 off)
42 contigs